Performing C SOURCE FILE Test CMAKE_HAVE_LIBC_PTHREAD failed with the following output:
Change Dir: /home/pi/Documents/Lab_EXP/Rasp/build/CMakeFiles/CMakeTmp

Run Build Command(s):/usr/bin/make cmTC_92b88/fast && /usr/bin/make -f CMakeFiles/cmTC_92b88.dir/build.make CMakeFiles/cmTC_92b88.dir/build
make[1]: Entering directory '/home/pi/Documents/Lab_EXP/Rasp/build/CMakeFiles/CMakeTmp'
Building C object CMakeFiles/cmTC_92b88.dir/src.c.o
/usr/bin/arm-linux-gnueabihf-gcc   -DCMAKE_HAVE_LIBC_PTHREAD   -o CMakeFiles/cmTC_92b88.dir/src.c.o   -c /home/pi/Documents/Lab_EXP/Rasp/build/CMakeFiles/CMakeTmp/src.c
Linking C executable cmTC_92b88
/usr/bin/cmake -E cmake_link_script CMakeFiles/cmTC_92b88.dir/link.txt --verbose=1
/usr/bin/arm-linux-gnueabihf-gcc  -DCMAKE_HAVE_LIBC_PTHREAD    CMakeFiles/cmTC_92b88.dir/src.c.o  -o cmTC_92b88 
/usr/bin/ld: CMakeFiles/cmTC_92b88.dir/src.c.o: na função "main":
src.c:(.text+0x40): referência não definida para "pthread_create"
/usr/bin/ld: src.c:(.text+0x4c): referência não definida para "pthread_detach"
/usr/bin/ld: src.c:(.text+0x5c): referência não definida para "pthread_join"
collect2: error: ld returned 1 exit status
make[1]: *** [CMakeFiles/cmTC_92b88.dir/build.make:87: cmTC_92b88] Error 1
make[1]: Leaving directory '/home/pi/Documents/Lab_EXP/Rasp/build/CMakeFiles/CMakeTmp'
make: *** [Makefile:121: cmTC_92b88/fast] Error 2


Source file was:
#include <pthread.h>

void* test_func(void* data)
{
  return data;
}

int main(void)
{
  pthread_t thread;
  pthread_create(&thread, NULL, test_func, NULL);
  pthread_detach(thread);
  pthread_join(thread, NULL);
  pthread_atfork(NULL, NULL, NULL);
  pthread_exit(NULL);

  return 0;
}

Determining if the function pthread_create exists in the pthreads failed with the following output:
Change Dir: /home/pi/Documents/Lab_EXP/Rasp/build/CMakeFiles/CMakeTmp

Run Build Command(s):/usr/bin/make cmTC_c34c8/fast && /usr/bin/make -f CMakeFiles/cmTC_c34c8.dir/build.make CMakeFiles/cmTC_c34c8.dir/build
make[1]: Entering directory '/home/pi/Documents/Lab_EXP/Rasp/build/CMakeFiles/CMakeTmp'
Building C object CMakeFiles/cmTC_c34c8.dir/CheckFunctionExists.c.o
/usr/bin/arm-linux-gnueabihf-gcc   -DCHECK_FUNCTION_EXISTS=pthread_create   -o CMakeFiles/cmTC_c34c8.dir/CheckFunctionExists.c.o   -c /usr/share/cmake-3.16/Modules/CheckFunctionExists.c
Linking C executable cmTC_c34c8
/usr/bin/cmake -E cmake_link_script CMakeFiles/cmTC_c34c8.dir/link.txt --verbose=1
/usr/bin/arm-linux-gnueabihf-gcc  -DCHECK_FUNCTION_EXISTS=pthread_create    CMakeFiles/cmTC_c34c8.dir/CheckFunctionExists.c.o  -o cmTC_c34c8  -lpthreads 
/usr/bin/ld: não foi possível localizar -lpthreads
collect2: error: ld returned 1 exit status
make[1]: *** [CMakeFiles/cmTC_c34c8.dir/build.make:87: cmTC_c34c8] Error 1
make[1]: Leaving directory '/home/pi/Documents/Lab_EXP/Rasp/build/CMakeFiles/CMakeTmp'
make: *** [Makefile:121: cmTC_c34c8/fast] Error 2



